<?xml version="1.0" encoding="UTF-8" ?>
<testsuite errors="0" failures="0" hostname="WINDOWS-6HC41U4" name="soen487.g4.sc.warehouse.test.service.WarehouseWebServiceTest" skipped="0" tests="1" time="0.201" timestamp="2018-04-09T20:53:01">
  <properties>
[...]
</properties>
  <testcase classname="soen487.g4.sc.warehouse.test.service.WarehouseWebServiceTest" name="testShipGoods" time="0.122" />
  <system-out><![CDATA[Testing if shipGoods() returns the right ItemShippingStatusList...
]]></system-out>
  <system-err><![CDATA[]]></system-err>
</testsuite>
